# JRE version: Java(TM) SE Runtime Environment (8.0_151-b12) (build 1.8.0_151-b12)
# Java VM: Java HotSpot(TM) 64-Bit Server VM (25.151-b12 mixed mode windows-amd64 compressed oops)
Heap:
 garbage-first heap   total 580608K, used 408064K [0x00000000c0000000, 0x00000000c01011b8, 0x0000000100000000)
  region size 1024K, 306 young (313344K), 4 survivors (4096K)
 Metaspace       used 41986K, capacity 44242K, committed 44800K, reserved 1089536K
  class space    used 4506K, capacity 5221K, committed 5376K, reserved 1048576K
GC Heap History (10 events):
Event: 65824.905 GC heap after
Heap after GC invocations=124 (full 0):
 garbage-first heap   total 523264K, used 281088K [0x00000000c0000000, 0x00000000c0100ff8, 0x0000000100000000)
  region size 1024K, 2 young (2048K), 2 survivors (2048K)
 Metaspace       used 41980K, capacity 44242K, committed 44800K, reserved 1089536K
  class space    used 4506K, capacity 5221K, committed 5376K, reserved 1048576K
}
Event: 68296.152 GC heap before
{Heap before GC invocations=125 (full 0):
 garbage-first heap   total 523264K, used 59391K [0x00000000c0000000, 0x00000000c0100ff8, 0x0000000100000000)
  region size 1024K, 25 young (25600K), 2 survivors (2048K)
 Metaspace       used 41980K, capacity 44242K, committed 44800K, reserved 1089536K
  class space    used 4506K, capacity 5221K, committed 5376K, reserved 1048576K
Event: 68296.180 GC heap after
Heap after GC invocations=126 (full 0):
 garbage-first heap   total 523264K, used 54272K [0x00000000c0000000, 0x00000000c0100ff8, 0x0000000100000000)
  region size 1024K, 4 young (4096K), 4 survivors (4096K)
 Metaspace       used 41980K, capacity 44242K, committed 44800K, reserved 1089536K
  class space    used 4506K, capacity 5221K, committed 5376K, reserved 1048576K
}
Event: 70567.453 GC heap before
{Heap before GC invocations=126 (full 0):
 garbage-first heap   total 523264K, used 75776K [0x00000000c0000000, 0x00000000c0100ff8, 0x0000000100000000)
  region size 1024K, 25 young (25600K), 4 survivors (4096K)
 Metaspace       used 41980K, capacity 44242K, committed 44800K, reserved 1089536K
  class space    used 4506K, capacity 5221K, committed 5376K, reserved 1048576K
Event: 70567.481 GC heap after
Heap after GC invocations=127 (full 0):
 garbage-first heap   total 523264K, used 69120K [0x00000000c0000000, 0x00000000c0100ff8, 0x0000000100000000)
  region size 1024K, 4 young (4096K), 4 survivors (4096K)
 Metaspace       used 41980K, capacity 44242K, committed 44800K, reserved 1089536K
  class space    used 4506K, capacity 5221K, committed 5376K, reserved 1048576K
}
Event: 72818.056 GC heap before
{Heap before GC invocations=127 (full 0):
 garbage-first heap   total 523264K, used 90624K [0x00000000c0000000, 0x00000000c0100ff8, 0x0000000100000000)
  region size 1024K, 25 young (25600K), 4 survivors (4096K)
 Metaspace       used 41980K, capacity 44242K, committed 44800K, reserved 1089536K
  class space    used 4506K, capacity 5221K, committed 5376K, reserved 1048576K
Event: 72818.076 GC heap after
Heap after GC invocations=128 (full 0):
 garbage-first heap   total 523264K, used 83968K [0x00000000c0000000, 0x00000000c0100ff8, 0x0000000100000000)
  region size 1024K, 4 young (4096K), 4 survivors (4096K)
 Metaspace       used 41980K, capacity 44242K, committed 44800K, reserved 1089536K
  class space    used 4506K, capacity 5221K, committed 5376K, reserved 1048576K
}
Event: 75068.129 GC heap before
{Heap before GC invocations=128 (full 0):
 garbage-first heap   total 523264K, used 105472K [0x00000000c0000000, 0x00000000c0100ff8, 0x0000000100000000)
  region size 1024K, 25 young (25600K), 4 survivors (4096K)
 Metaspace       used 41980K, capacity 44242K, committed 44800K, reserved 1089536K
  class space    used 4506K, capacity 5221K, committed 5376K, reserved 1048576K
Event: 75068.146 GC heap after
Heap after GC invocations=129 (full 0):
 garbage-first heap   total 523264K, used 98816K [0x00000000c0000000, 0x00000000c0100ff8, 0x0000000100000000)
  region size 1024K, 4 young (4096K), 4 survivors (4096K)
 Metaspace       used 41980K, capacity 44242K, committed 44800K, reserved 1089536K
  class space    used 4506K, capacity 5221K, committed 5376K, reserved 1048576K
}
Event: 108093.134 GC heap before
{Heap before GC invocations=129 (full 0):
 garbage-first heap   total 523264K, used 408064K [0x00000000c0000000, 0x00000000c0100ff8, 0x0000000100000000)
  region size 1024K, 306 young (313344K), 4 survivors (4096K)
 Metaspace       used 41986K, capacity 44242K, committed 44800K, reserved 1089536K
  class space    used 4506K, capacity 5221K, committed 5376K, reserved 1048576K

